<?xml version="1.0" encoding="UTF-8"?>
<robot generator="Robot 3.1 (Python 3.7.1 on win32)" generated="20191023 16:57:12.466" rpa="false">
<suite id="s1" name="Testlab" source="D:\603020750-1\ROBOT\testlab.robot">
<test id="s1-t1" name="Go To homepage">
<kw name="Open Browser" library="SeleniumLibrary">
<doc>Opens a new browser instance to the given ``url``.</doc>
<arguments>
<arg>${HOMEPAGE}</arg>
<arg>${BROWSER}</arg>
</arguments>
<msg timestamp="20191023 16:57:12.593" level="INFO">Opening browser 'chrome' to base url 'https://www.google.co.th'.</msg>
<status status="PASS" starttime="20191023 16:57:12.592" endtime="20191023 16:57:15.971"></status>
</kw>
<status status="PASS" starttime="20191023 16:57:12.592" endtime="20191023 16:57:15.972" critical="yes"></status>
</test>
<test id="s1-t2" name="Google Page Should Be Open">
<kw name="Location Should Contain" library="SeleniumLibrary">
<doc>Verifies that current URL contains ``expected``.</doc>
<arguments>
<arg>${HOMEPAGE}</arg>
</arguments>
<msg timestamp="20191023 16:57:15.980" level="INFO">Current location contains 'https://www.google.co.th'.</msg>
<status status="PASS" starttime="20191023 16:57:15.975" endtime="20191023 16:57:15.981"></status>
</kw>
<kw name="Title Should Be" library="SeleniumLibrary">
<doc>Verifies that current page title equals ``title``.</doc>
<arguments>
<arg>Google</arg>
</arguments>
<msg timestamp="20191023 16:57:15.985" level="INFO">Page title is 'Google'.</msg>
<status status="PASS" starttime="20191023 16:57:15.981" endtime="20191023 16:57:15.985"></status>
</kw>
<status status="PASS" starttime="20191023 16:57:15.974" endtime="20191023 16:57:15.985" critical="yes"></status>
</test>
<test id="s1-t3" name="Input URL">
<kw name="Input CS">
<arguments>
<arg>${CS URL}</arg>
</arguments>
<kw name="Input Text" library="SeleniumLibrary">
<doc>Types the given ``text`` into text field identified by ``locator``.</doc>
<arguments>
<arg>q</arg>
<arg>${input}</arg>
</arguments>
<msg timestamp="20191023 16:57:15.987" level="INFO">Typing text 'www.cs.kku.ac.th' into text field 'q'.</msg>
<status status="PASS" starttime="20191023 16:57:15.987" endtime="20191023 16:57:16.074"></status>
</kw>
<status status="PASS" starttime="20191023 16:57:15.986" endtime="20191023 16:57:16.074"></status>
</kw>
<kw name="Submit Form" library="SeleniumLibrary">
<doc>Submits a form identified by ``locator``.</doc>
<msg timestamp="20191023 16:57:16.074" level="INFO">Submitting form 'None'.</msg>
<status status="PASS" starttime="20191023 16:57:16.074" endtime="20191023 16:57:16.896"></status>
</kw>
<kw name="Wait Until Page Contains" library="SeleniumLibrary">
<doc>Waits until ``text`` appears on current page.</doc>
<arguments>
<arg>www.cs.kku.ac.th</arg>
</arguments>
<status status="PASS" starttime="20191023 16:57:16.896" endtime="20191023 16:57:16.910"></status>
</kw>
<kw name="Close Browser" library="SeleniumLibrary">
<doc>Closes the current browser.</doc>
<status status="PASS" starttime="20191023 16:57:16.910" endtime="20191023 16:57:19.035"></status>
</kw>
<status status="PASS" starttime="20191023 16:57:15.986" endtime="20191023 16:57:19.036" critical="yes"></status>
</test>
<status status="PASS" starttime="20191023 16:57:12.467" endtime="20191023 16:57:19.036"></status>
</suite>
<statistics>
<total>
<stat pass="3" fail="0">Critical Tests</stat>
<stat pass="3" fail="0">All Tests</stat>
</total>
<tag>
</tag>
<suite>
<stat pass="3" fail="0" id="s1" name="Testlab">Testlab</stat>
</suite>
</statistics>
<errors>
</errors>
</robot>
